<?xml version="1.0" encoding="UTF-8"?>
<!-- Generated by org.testng.reporters.JUnitXMLReporter -->
<testsuite hostname="ajay-PC" ignored="0" name="Default test" tests="4" failures="0" timestamp="21 Apr 2020 03:45:56 GMT" time="84.412" errors="0">
  <testcase name="otherserviceslinks" time="37.63" classname="com.stonerisehealthcare.testcases.ContactAndConnectLinksTest"/>
  <testcase name="otherserviceslinks" time="32.786" classname="com.stonerisehealthcare.testcases.ContactAndConnectLinksTest"/>
  <testcase name="otherserviceslinks" time="0.01" classname="com.stonerisehealthcare.testcases.ContactAndConnectLinksTest">
    <skipped/>
  </testcase> <!-- otherserviceslinks -->
  <testcase name="otherserviceslinks" time="0.011" classname="com.stonerisehealthcare.testcases.ContactAndConnectLinksTest">
    <skipped/>
  </testcase> <!-- otherserviceslinks -->
</testsuite> <!-- Default test -->
