<?xml version="1.0" encoding="UTF-8"?>
<!-- Generated by org.testng.reporters.JUnitXMLReporter -->
<testsuite hostname="ajay-PC" ignored="0" name="AboutUsLinkTest" tests="4" failures="0" timestamp="21 Apr 2020 04:26:51 GMT" time="43.002" errors="0">
  <testcase name="otherserviceslinks" time="16.843" classname="com.stonerisehealthcare.testcases.AboutUs"/>
  <testcase name="otherserviceslinks" time="23.93" classname="com.stonerisehealthcare.testcases.AboutUs"/>
  <testcase name="otherserviceslinks" time="0.001" classname="com.stonerisehealthcare.testcases.AboutUs">
    <skipped/>
  </testcase> <!-- otherserviceslinks -->
  <testcase name="otherserviceslinks" time="0.001" classname="com.stonerisehealthcare.testcases.AboutUs">
    <skipped/>
  </testcase> <!-- otherserviceslinks -->
</testsuite> <!-- AboutUsLinkTest -->
