<?xml version="1.0" encoding="UTF-8"?>
<!-- Generated by org.testng.reporters.JUnitXMLReporter -->
<testsuite hostname="ajay-PC" ignored="0" name="CareersLinkTest" tests="4" failures="0" timestamp="21 Apr 2020 04:26:08 GMT" time="47.482" errors="0">
  <testcase name="careerslink" time="24.873" classname="com.stonerisehealthcare.testcases.Careers"/>
  <testcase name="careerslink" time="20.004" classname="com.stonerisehealthcare.testcases.Careers"/>
  <testcase name="careerslink" time="0.001" classname="com.stonerisehealthcare.testcases.Careers">
    <skipped/>
  </testcase> <!-- careerslink -->
  <testcase name="careerslink" time="0.001" classname="com.stonerisehealthcare.testcases.Careers">
    <skipped/>
  </testcase> <!-- careerslink -->
</testsuite> <!-- CareersLinkTest -->
