<?xml version="1.0" encoding="UTF-8"?>
<!-- Generated by org.testng.reporters.JUnitXMLReporter -->
<testsuite hostname="ajay-PC" ignored="0" name="ContactLinkTest" tests="4" failures="0" timestamp="21 Apr 2020 04:27:26 GMT" time="35.302" errors="0">
  <testcase name="otherserviceslinks" time="19.342" classname="com.stonerisehealthcare.testcases.Contact"/>
  <testcase name="otherserviceslinks" time="13.375" classname="com.stonerisehealthcare.testcases.Contact"/>
  <testcase name="otherserviceslinks" time="0.001" classname="com.stonerisehealthcare.testcases.Contact">
    <skipped/>
  </testcase> <!-- otherserviceslinks -->
  <testcase name="otherserviceslinks" time="0.002" classname="com.stonerisehealthcare.testcases.Contact">
    <skipped/>
  </testcase> <!-- otherserviceslinks -->
</testsuite> <!-- ContactLinkTest -->
