<?xml version="1.0" encoding="UTF-8"?>
<!-- Generated by org.testng.reporters.JUnitXMLReporter -->
<testsuite hostname="ajay-PC" ignored="0" name="CoronaUpdateAndTelevisitLinkTest" tests="4" failures="0" timestamp="21 Apr 2020 04:19:34 GMT" time="68.03" errors="0">
  <testcase name="coronatelevisitlink" time="33.62" classname="com.stonerisehealthcare.testcases.CoronaUpdateAndTelevisitLinkTest"/>
  <testcase name="coronatelevisitlink" time="29.872" classname="com.stonerisehealthcare.testcases.CoronaUpdateAndTelevisitLinkTest"/>
  <testcase name="coronatelevisitlink" time="0.001" classname="com.stonerisehealthcare.testcases.CoronaUpdateAndTelevisitLinkTest">
    <skipped/>
  </testcase> <!-- coronatelevisitlink -->
  <testcase name="coronatelevisitlink" time="0.001" classname="com.stonerisehealthcare.testcases.CoronaUpdateAndTelevisitLinkTest">
    <skipped/>
  </testcase> <!-- coronatelevisitlink -->
</testsuite> <!-- CoronaUpdateAndTelevisitLinkTest -->
