<?xml version="1.0" encoding="UTF-8"?>
<!-- Generated by org.testng.reporters.JUnitXMLReporter -->
<testsuite hostname="ajay-PC" ignored="0" name="OtherServicesLinksTest" tests="4" failures="0" timestamp="21 Apr 2020 04:33:45 GMT" time="92.562" errors="0">
  <testcase name="otherserviceslinks" time="43.046" classname="com.stonerisehealthcare.testcases.OtherServicesLinksTest"/>
  <testcase name="otherserviceslinks" time="46.872" classname="com.stonerisehealthcare.testcases.OtherServicesLinksTest"/>
  <testcase name="otherserviceslinks" time="0.001" classname="com.stonerisehealthcare.testcases.OtherServicesLinksTest">
    <skipped/>
  </testcase> <!-- otherserviceslinks -->
  <testcase name="otherserviceslinks" time="0.001" classname="com.stonerisehealthcare.testcases.OtherServicesLinksTest">
    <skipped/>
  </testcase> <!-- otherserviceslinks -->
</testsuite> <!-- OtherServicesLinksTest -->
