<?xml version="1.0" encoding="UTF-8"?>
<!-- Generated by org.testng.reporters.JUnitXMLReporter -->
<testsuite hostname="ajay-PC" ignored="0" name="ResourcesLinkTest" tests="4" failures="0" timestamp="21 Apr 2020 04:32:13 GMT" time="286.203" errors="0">
  <testcase name="otherserviceslinks" time="201.213" classname="com.stonerisehealthcare.testcases.Resources"/>
  <testcase name="otherserviceslinks" time="81.056" classname="com.stonerisehealthcare.testcases.Resources"/>
  <testcase name="otherserviceslinks" time="0.0" classname="com.stonerisehealthcare.testcases.Resources">
    <skipped/>
  </testcase> <!-- otherserviceslinks -->
  <testcase name="otherserviceslinks" time="0.002" classname="com.stonerisehealthcare.testcases.Resources">
    <skipped/>
  </testcase> <!-- otherserviceslinks -->
</testsuite> <!-- ResourcesLinkTest -->
