<?xml version="1.0" encoding="UTF-8"?>
<!-- Generated by org.testng.reporters.JUnitXMLReporter -->
<testsuite hostname="ajay-PC" ignored="0" name="SkilledNursingCentersLinksTest" tests="4" failures="0" timestamp="21 Apr 2020 04:25:21 GMT" time="346.1" errors="0">
  <testcase name="nursingcentreslinks" time="175.272" classname="com.stonerisehealthcare.testcases.SkilledNursingCentersLinksTest"/>
  <testcase name="nursingcentreslinks" time="167.717" classname="com.stonerisehealthcare.testcases.SkilledNursingCentersLinksTest"/>
  <testcase name="nursingcentreslinks" time="0.003" classname="com.stonerisehealthcare.testcases.SkilledNursingCentersLinksTest">
    <skipped/>
  </testcase> <!-- nursingcentreslinks -->
  <testcase name="nursingcentreslinks" time="0.001" classname="com.stonerisehealthcare.testcases.SkilledNursingCentersLinksTest">
    <skipped/>
  </testcase> <!-- nursingcentreslinks -->
</testsuite> <!-- SkilledNursingCentersLinksTest -->
